<?xml version="1.0" encoding="UTF-8"?>
<!-- Generated by org.testng.reporters.JUnitReportReporter -->
<testsuite skipped="0" hostname="DESKTOP-H8EJPV4" name="com.demo.TestApp" tests="4" failures="0" timestamp="18 Jul 2020 13:48:28 GMT" time="103.605" errors="0">
  <testcase name="registerTest" time="44.226" classname="com.demo.TestApp"/>
  <testcase name="loginTest" time="27.552" classname="com.demo.TestApp"/>
  <testcase name="searchItemTest" time="13.684" classname="com.demo.TestApp"/>
  <testcase name="addToCartTest" time="18.143" classname="com.demo.TestApp"/>
</testsuite> <!-- com.demo.TestApp -->
